<?xml version="1.0" encoding="UTF-8"?>
<!-- Generated by org.testng.reporters.JUnitXMLReporter -->
<testsuite hostname="developer" name="Command line test" tests="23" failures="0" timestamp="23 Mar 2016 12:14:47 GMT" time="3.961" errors="0">
  <testcase name="deleteEmployee" time="0.018" classname="tz.tazamaa_1.controller.AppControllerTest"/>
  <testcase name="editEmployee" time="0.041" classname="tz.tazamaa_1.controller.AppControllerTest"/>
  <testcase name="listEmployees" time="0.011" classname="tz.tazamaa_1.controller.AppControllerTest"/>
  <testcase name="newEmployee" time="0.001" classname="tz.tazamaa_1.controller.AppControllerTest"/>
  <testcase name="saveEmployeeWithSuccess" time="0.002" classname="tz.tazamaa_1.controller.AppControllerTest"/>
  <testcase name="saveEmployeeWithValidationError" time="0.001" classname="tz.tazamaa_1.controller.AppControllerTest"/>
  <testcase name="saveEmployeeWithValidationErrorNonUniqueSSN" time="0.003" classname="tz.tazamaa_1.controller.AppControllerTest"/>
  <testcase name="updateEmployeeWithSuccess" time="0.002" classname="tz.tazamaa_1.controller.AppControllerTest"/>
  <testcase name="updateEmployeeWithValidationError" time="0.001" classname="tz.tazamaa_1.controller.AppControllerTest"/>
  <testcase name="updateEmployeeWithValidationErrorNonUniqueSSN" time="0.001" classname="tz.tazamaa_1.controller.AppControllerTest"/>
  <testcase name="deleteEmployeeByInvalidSsn" time="0.203" classname="tz.tazamaa_1.Dao.EmployeeDaoImpTest"/>
  <testcase name="deleteEmployeeBySsn" time="0.005" classname="tz.tazamaa_1.Dao.EmployeeDaoImpTest"/>
  <testcase name="findAllEmployees" time="0.004" classname="tz.tazamaa_1.Dao.EmployeeDaoImpTest"/>
  <testcase name="findById" time="0.014" classname="tz.tazamaa_1.Dao.EmployeeDaoImpTest"/>
  <testcase name="findEmployeeBySsn" time="0.019" classname="tz.tazamaa_1.Dao.EmployeeDaoImpTest"/>
  <testcase name="saveEmployee" time="0.037" classname="tz.tazamaa_1.Dao.EmployeeDaoImpTest"/>
  <testcase name="deleteEmployeeBySsn" time="0.001" classname="tz.tazamaa_1.service.EmployeeserviceImplTest"/>
  <testcase name="findAllEmployees" time="0.001" classname="tz.tazamaa_1.service.EmployeeserviceImplTest"/>
  <testcase name="findById" time="0.001" classname="tz.tazamaa_1.service.EmployeeserviceImplTest"/>
  <testcase name="findEmployeeBySsn" time="0.0" classname="tz.tazamaa_1.service.EmployeeserviceImplTest"/>
  <testcase name="isEmployeeSsnUnique" time="0.0" classname="tz.tazamaa_1.service.EmployeeserviceImplTest"/>
  <testcase name="saveEmployee" time="0.0" classname="tz.tazamaa_1.service.EmployeeserviceImplTest"/>
  <testcase name="updateEmployee" time="0.001" classname="tz.tazamaa_1.service.EmployeeserviceImplTest"/>
</testsuite> <!-- Command line test -->
